ARM GAS  C:\Users\ERICBU~1\AppData\Local\Temp\ccaaUo6x.s 			page 1


   1              		.cpu cortex-m4
   2              		.eabi_attribute 27, 1
   3              		.eabi_attribute 28, 1
   4              		.eabi_attribute 20, 1
   5              		.eabi_attribute 21, 1
   6              		.eabi_attribute 23, 3
   7              		.eabi_attribute 24, 1
   8              		.eabi_attribute 25, 1
   9              		.eabi_attribute 26, 1
  10              		.eabi_attribute 30, 1
  11              		.eabi_attribute 34, 1
  12              		.eabi_attribute 18, 4
  13              		.file	"main.c"
  14              		.text
  15              	.Ltext0:
  16              		.cfi_sections	.debug_frame
  17              		.section	.text.MX_GPIO_Init,"ax",%progbits
  18              		.align	1
  19              		.arch armv7e-m
  20              		.syntax unified
  21              		.thumb
  22              		.thumb_func
  23              		.fpu fpv4-sp-d16
  25              	MX_GPIO_Init:
  26              	.LFB136:
  27              		.file 1 "Src/main.c"
   1:Src/main.c    **** /* USER CODE BEGIN Header */
   2:Src/main.c    **** /**
   3:Src/main.c    ****   ******************************************************************************
   4:Src/main.c    ****   * @file           : main.c
   5:Src/main.c    ****   * @brief          : Main program body
   6:Src/main.c    ****   ******************************************************************************
   7:Src/main.c    ****   * @attention
   8:Src/main.c    ****   *
   9:Src/main.c    ****   * <h2><center>&copy; Copyright (c) 2021 STMicroelectronics.
  10:Src/main.c    ****   * All rights reserved.</center></h2>
  11:Src/main.c    ****   *
  12:Src/main.c    ****   * This software component is licensed by ST under BSD 3-Clause license,
  13:Src/main.c    ****   * the "License"; You may not use this file except in compliance with the
  14:Src/main.c    ****   * License. You may obtain a copy of the License at:
  15:Src/main.c    ****   *                        opensource.org/licenses/BSD-3-Clause
  16:Src/main.c    ****   *
  17:Src/main.c    ****   ******************************************************************************
  18:Src/main.c    ****   */
  19:Src/main.c    **** /* USER CODE END Header */
  20:Src/main.c    **** /* Includes ------------------------------------------------------------------*/
  21:Src/main.c    **** #include "main.h"
  22:Src/main.c    **** 
  23:Src/main.c    **** /* Private includes ----------------------------------------------------------*/
  24:Src/main.c    **** /* USER CODE BEGIN Includes */
  25:Src/main.c    **** #include <stdio.h>
  26:Src/main.c    **** #include <stdlib.h>
  27:Src/main.c    **** #include <string.h>
  28:Src/main.c    **** #include <stdint.h>
  29:Src/main.c    **** #include <stdbool.h>
  30:Src/main.c    **** 
  31:Src/main.c    **** /* USER CODE END Includes */
ARM GAS  C:\Users\ERICBU~1\AppData\Local\Temp\ccaaUo6x.s 			page 2


  32:Src/main.c    **** 
  33:Src/main.c    **** /* Private typedef -----------------------------------------------------------*/
  34:Src/main.c    **** /* USER CODE BEGIN PTD */
  35:Src/main.c    **** 
  36:Src/main.c    **** /* USER CODE END PTD */
  37:Src/main.c    **** 
  38:Src/main.c    **** /* Private define ------------------------------------------------------------*/
  39:Src/main.c    **** /* USER CODE BEGIN PD */
  40:Src/main.c    **** /* USER CODE END PD */
  41:Src/main.c    **** 
  42:Src/main.c    **** /* Private macro -------------------------------------------------------------*/
  43:Src/main.c    **** /* USER CODE BEGIN PM */
  44:Src/main.c    **** #define nullStr(str, size) memset(str, '\0', size)
  45:Src/main.c    **** /* USER CODE END PM */
  46:Src/main.c    **** 
  47:Src/main.c    **** /* Private variables ---------------------------------------------------------*/
  48:Src/main.c    **** UART_HandleTypeDef huart2;
  49:Src/main.c    **** 
  50:Src/main.c    **** /* USER CODE BEGIN PV */
  51:Src/main.c    **** 
  52:Src/main.c    **** /* USER CODE END PV */
  53:Src/main.c    **** 
  54:Src/main.c    **** /* Private function prototypes -----------------------------------------------*/
  55:Src/main.c    **** void SystemClock_Config(void);
  56:Src/main.c    **** static void MX_GPIO_Init(void);
  57:Src/main.c    **** static void MX_USART2_UART_Init(void);
  58:Src/main.c    **** /* USER CODE BEGIN PFP */
  59:Src/main.c    **** 
  60:Src/main.c    **** /* USER CODE END PFP */
  61:Src/main.c    **** 
  62:Src/main.c    **** /* Private user code ---------------------------------------------------------*/
  63:Src/main.c    **** /* USER CODE BEGIN 0 */
  64:Src/main.c    **** 
  65:Src/main.c    **** /* USER CODE END 0 */
  66:Src/main.c    **** 
  67:Src/main.c    **** /**
  68:Src/main.c    ****   * @brief  The application entry point.
  69:Src/main.c    ****   * @retval int
  70:Src/main.c    ****   */
  71:Src/main.c    **** int main(void)
  72:Src/main.c    **** {
  73:Src/main.c    **** 
  74:Src/main.c    ****   /* USER CODE BEGIN 1 */
  75:Src/main.c    ****   const uint8_t buf_size = 10;
  76:Src/main.c    ****   char buf[buf_size];
  77:Src/main.c    ****   nullStr(buf, buf_size);
  78:Src/main.c    **** 
  79:Src/main.c    ****   /* USER CODE END 1 */
  80:Src/main.c    **** 
  81:Src/main.c    ****   /* MCU Configuration--------------------------------------------------------*/
  82:Src/main.c    **** 
  83:Src/main.c    ****   /* Reset of all peripherals, Initializes the Flash interface and the Systick. */
  84:Src/main.c    ****   HAL_Init();
  85:Src/main.c    **** 
  86:Src/main.c    ****   /* USER CODE BEGIN Init */
  87:Src/main.c    **** 
  88:Src/main.c    ****   /* USER CODE END Init */
ARM GAS  C:\Users\ERICBU~1\AppData\Local\Temp\ccaaUo6x.s 			page 3


  89:Src/main.c    **** 
  90:Src/main.c    ****   /* Configure the system clock */
  91:Src/main.c    ****   SystemClock_Config();
  92:Src/main.c    **** 
  93:Src/main.c    ****   /* USER CODE BEGIN SysInit */
  94:Src/main.c    **** 
  95:Src/main.c    ****   /* USER CODE END SysInit */
  96:Src/main.c    **** 
  97:Src/main.c    ****   /* Initialize all configured peripherals */
  98:Src/main.c    ****   MX_GPIO_Init();
  99:Src/main.c    ****   MX_USART2_UART_Init();
 100:Src/main.c    ****   /* USER CODE BEGIN 2 */
 101:Src/main.c    **** 
 102:Src/main.c    ****   /* USER CODE END 2 */
 103:Src/main.c    **** 
 104:Src/main.c    ****   /* Infinite loop */
 105:Src/main.c    ****   /* USER CODE BEGIN WHILE */
 106:Src/main.c    ****   while (1)
 107:Src/main.c    ****   {
 108:Src/main.c    ****     HAL_GPIO_TogglePin(LD2_GPIO_Port, LD2_Pin);
 109:Src/main.c    ****     uint8_t read = HAL_GPIO_ReadPin(B1_GPIO_Port, B1_Pin);
 110:Src/main.c    ****     snprintf(buf, buf_size, "%u\r\n", read);
 111:Src/main.c    ****     HAL_UART_Transmit(&huart2, (uint8_t*)buf, buf_size, 100);
 112:Src/main.c    ****     HAL_Delay(500);
 113:Src/main.c    ****     /* USER CODE END WHILE */
 114:Src/main.c    **** 
 115:Src/main.c    ****     /* USER CODE BEGIN 3 */
 116:Src/main.c    ****   }
 117:Src/main.c    ****   /* USER CODE END 3 */
 118:Src/main.c    **** }
 119:Src/main.c    **** 
 120:Src/main.c    **** /**
 121:Src/main.c    ****   * @brief System Clock Configuration
 122:Src/main.c    ****   * @retval None
 123:Src/main.c    ****   */
 124:Src/main.c    **** void SystemClock_Config(void)
 125:Src/main.c    **** {
 126:Src/main.c    ****   RCC_OscInitTypeDef RCC_OscInitStruct = {0};
 127:Src/main.c    ****   RCC_ClkInitTypeDef RCC_ClkInitStruct = {0};
 128:Src/main.c    **** 
 129:Src/main.c    ****   /** Configure the main internal regulator output voltage
 130:Src/main.c    ****   */
 131:Src/main.c    ****   __HAL_RCC_PWR_CLK_ENABLE();
 132:Src/main.c    ****   __HAL_PWR_VOLTAGESCALING_CONFIG(PWR_REGULATOR_VOLTAGE_SCALE1);
 133:Src/main.c    ****   /** Initializes the RCC Oscillators according to the specified parameters
 134:Src/main.c    ****   * in the RCC_OscInitTypeDef structure.
 135:Src/main.c    ****   */
 136:Src/main.c    ****   RCC_OscInitStruct.OscillatorType = RCC_OSCILLATORTYPE_HSI;
 137:Src/main.c    ****   RCC_OscInitStruct.HSIState = RCC_HSI_ON;
 138:Src/main.c    ****   RCC_OscInitStruct.HSICalibrationValue = RCC_HSICALIBRATION_DEFAULT;
 139:Src/main.c    ****   RCC_OscInitStruct.PLL.PLLState = RCC_PLL_ON;
 140:Src/main.c    ****   RCC_OscInitStruct.PLL.PLLSource = RCC_PLLSOURCE_HSI;
 141:Src/main.c    ****   RCC_OscInitStruct.PLL.PLLM = 16;
 142:Src/main.c    ****   RCC_OscInitStruct.PLL.PLLN = 336;
 143:Src/main.c    ****   RCC_OscInitStruct.PLL.PLLP = RCC_PLLP_DIV4;
 144:Src/main.c    ****   RCC_OscInitStruct.PLL.PLLQ = 4;
 145:Src/main.c    ****   if (HAL_RCC_OscConfig(&RCC_OscInitStruct) != HAL_OK)
ARM GAS  C:\Users\ERICBU~1\AppData\Local\Temp\ccaaUo6x.s 			page 4


 146:Src/main.c    ****   {
 147:Src/main.c    ****     Error_Handler();
 148:Src/main.c    ****   }
 149:Src/main.c    ****   /** Initializes the CPU, AHB and APB buses clocks
 150:Src/main.c    ****   */
 151:Src/main.c    ****   RCC_ClkInitStruct.ClockType = RCC_CLOCKTYPE_HCLK | RCC_CLOCKTYPE_SYSCLK | RCC_CLOCKTYPE_PCLK1 | R
 152:Src/main.c    ****   RCC_ClkInitStruct.SYSCLKSource = RCC_SYSCLKSOURCE_PLLCLK;
 153:Src/main.c    ****   RCC_ClkInitStruct.AHBCLKDivider = RCC_SYSCLK_DIV1;
 154:Src/main.c    ****   RCC_ClkInitStruct.APB1CLKDivider = RCC_HCLK_DIV2;
 155:Src/main.c    ****   RCC_ClkInitStruct.APB2CLKDivider = RCC_HCLK_DIV1;
 156:Src/main.c    **** 
 157:Src/main.c    ****   if (HAL_RCC_ClockConfig(&RCC_ClkInitStruct, FLASH_LATENCY_2) != HAL_OK)
 158:Src/main.c    ****   {
 159:Src/main.c    ****     Error_Handler();
 160:Src/main.c    ****   }
 161:Src/main.c    **** }
 162:Src/main.c    **** 
 163:Src/main.c    **** /**
 164:Src/main.c    ****   * @brief USART2 Initialization Function
 165:Src/main.c    ****   * @param None
 166:Src/main.c    ****   * @retval None
 167:Src/main.c    ****   */
 168:Src/main.c    **** static void MX_USART2_UART_Init(void)
 169:Src/main.c    **** {
 170:Src/main.c    **** 
 171:Src/main.c    ****   /* USER CODE BEGIN USART2_Init 0 */
 172:Src/main.c    **** 
 173:Src/main.c    ****   /* USER CODE END USART2_Init 0 */
 174:Src/main.c    **** 
 175:Src/main.c    ****   /* USER CODE BEGIN USART2_Init 1 */
 176:Src/main.c    **** 
 177:Src/main.c    ****   /* USER CODE END USART2_Init 1 */
 178:Src/main.c    ****   huart2.Instance = USART2;
 179:Src/main.c    ****   huart2.Init.BaudRate = 115200;
 180:Src/main.c    ****   huart2.Init.WordLength = UART_WORDLENGTH_8B;
 181:Src/main.c    ****   huart2.Init.StopBits = UART_STOPBITS_1;
 182:Src/main.c    ****   huart2.Init.Parity = UART_PARITY_NONE;
 183:Src/main.c    ****   huart2.Init.Mode = UART_MODE_TX_RX;
 184:Src/main.c    ****   huart2.Init.HwFlowCtl = UART_HWCONTROL_NONE;
 185:Src/main.c    ****   huart2.Init.OverSampling = UART_OVERSAMPLING_16;
 186:Src/main.c    ****   if (HAL_UART_Init(&huart2) != HAL_OK)
 187:Src/main.c    ****   {
 188:Src/main.c    ****     Error_Handler();
 189:Src/main.c    ****   }
 190:Src/main.c    ****   /* USER CODE BEGIN USART2_Init 2 */
 191:Src/main.c    **** 
 192:Src/main.c    ****   /* USER CODE END USART2_Init 2 */
 193:Src/main.c    **** }
 194:Src/main.c    **** 
 195:Src/main.c    **** /**
 196:Src/main.c    ****   * @brief GPIO Initialization Function
 197:Src/main.c    ****   * @param None
 198:Src/main.c    ****   * @retval None
 199:Src/main.c    ****   */
 200:Src/main.c    **** static void MX_GPIO_Init(void)
 201:Src/main.c    **** {
  28              		.loc 1 201 1 view -0
ARM GAS  C:\Users\ERICBU~1\AppData\Local\Temp\ccaaUo6x.s 			page 5


  29              		.cfi_startproc
  30              		@ args = 0, pretend = 0, frame = 40
  31              		@ frame_needed = 0, uses_anonymous_args = 0
  32 0000 30B5     		push	{r4, r5, lr}
  33              	.LCFI0:
  34              		.cfi_def_cfa_offset 12
  35              		.cfi_offset 4, -12
  36              		.cfi_offset 5, -8
  37              		.cfi_offset 14, -4
  38 0002 8BB0     		sub	sp, sp, #44
  39              	.LCFI1:
  40              		.cfi_def_cfa_offset 56
 202:Src/main.c    ****   GPIO_InitTypeDef GPIO_InitStruct = {0};
  41              		.loc 1 202 3 view .LVU1
  42              		.loc 1 202 20 is_stmt 0 view .LVU2
  43 0004 0024     		movs	r4, #0
  44 0006 0594     		str	r4, [sp, #20]
  45 0008 0694     		str	r4, [sp, #24]
  46 000a 0794     		str	r4, [sp, #28]
  47 000c 0894     		str	r4, [sp, #32]
  48 000e 0994     		str	r4, [sp, #36]
 203:Src/main.c    **** 
 204:Src/main.c    ****   /* GPIO Ports Clock Enable */
 205:Src/main.c    ****   __HAL_RCC_GPIOC_CLK_ENABLE();
  49              		.loc 1 205 3 is_stmt 1 view .LVU3
  50              	.LBB4:
  51              		.loc 1 205 3 view .LVU4
  52 0010 0194     		str	r4, [sp, #4]
  53              		.loc 1 205 3 view .LVU5
  54 0012 224B     		ldr	r3, .L3
  55 0014 1A6B     		ldr	r2, [r3, #48]
  56 0016 42F00402 		orr	r2, r2, #4
  57 001a 1A63     		str	r2, [r3, #48]
  58              		.loc 1 205 3 view .LVU6
  59 001c 1A6B     		ldr	r2, [r3, #48]
  60 001e 02F00402 		and	r2, r2, #4
  61 0022 0192     		str	r2, [sp, #4]
  62              		.loc 1 205 3 view .LVU7
  63 0024 019A     		ldr	r2, [sp, #4]
  64              	.LBE4:
  65              		.loc 1 205 3 view .LVU8
 206:Src/main.c    ****   __HAL_RCC_GPIOH_CLK_ENABLE();
  66              		.loc 1 206 3 view .LVU9
  67              	.LBB5:
  68              		.loc 1 206 3 view .LVU10
  69 0026 0294     		str	r4, [sp, #8]
  70              		.loc 1 206 3 view .LVU11
  71 0028 1A6B     		ldr	r2, [r3, #48]
  72 002a 42F08002 		orr	r2, r2, #128
  73 002e 1A63     		str	r2, [r3, #48]
  74              		.loc 1 206 3 view .LVU12
  75 0030 1A6B     		ldr	r2, [r3, #48]
  76 0032 02F08002 		and	r2, r2, #128
  77 0036 0292     		str	r2, [sp, #8]
  78              		.loc 1 206 3 view .LVU13
  79 0038 029A     		ldr	r2, [sp, #8]
  80              	.LBE5:
ARM GAS  C:\Users\ERICBU~1\AppData\Local\Temp\ccaaUo6x.s 			page 6


  81              		.loc 1 206 3 view .LVU14
 207:Src/main.c    ****   __HAL_RCC_GPIOA_CLK_ENABLE();
  82              		.loc 1 207 3 view .LVU15
  83              	.LBB6:
  84              		.loc 1 207 3 view .LVU16
  85 003a 0394     		str	r4, [sp, #12]
  86              		.loc 1 207 3 view .LVU17
  87 003c 1A6B     		ldr	r2, [r3, #48]
  88 003e 42F00102 		orr	r2, r2, #1
  89 0042 1A63     		str	r2, [r3, #48]
  90              		.loc 1 207 3 view .LVU18
  91 0044 1A6B     		ldr	r2, [r3, #48]
  92 0046 02F00102 		and	r2, r2, #1
  93 004a 0392     		str	r2, [sp, #12]
  94              		.loc 1 207 3 view .LVU19
  95 004c 039A     		ldr	r2, [sp, #12]
  96              	.LBE6:
  97              		.loc 1 207 3 view .LVU20
 208:Src/main.c    ****   __HAL_RCC_GPIOB_CLK_ENABLE();
  98              		.loc 1 208 3 view .LVU21
  99              	.LBB7:
 100              		.loc 1 208 3 view .LVU22
 101 004e 0494     		str	r4, [sp, #16]
 102              		.loc 1 208 3 view .LVU23
 103 0050 1A6B     		ldr	r2, [r3, #48]
 104 0052 42F00202 		orr	r2, r2, #2
 105 0056 1A63     		str	r2, [r3, #48]
 106              		.loc 1 208 3 view .LVU24
 107 0058 1B6B     		ldr	r3, [r3, #48]
 108 005a 03F00203 		and	r3, r3, #2
 109 005e 0493     		str	r3, [sp, #16]
 110              		.loc 1 208 3 view .LVU25
 111 0060 049B     		ldr	r3, [sp, #16]
 112              	.LBE7:
 113              		.loc 1 208 3 view .LVU26
 209:Src/main.c    **** 
 210:Src/main.c    ****   /*Configure GPIO pin Output Level */
 211:Src/main.c    ****   HAL_GPIO_WritePin(LD2_GPIO_Port, LD2_Pin, GPIO_PIN_RESET);
 114              		.loc 1 211 3 view .LVU27
 115 0062 0F4D     		ldr	r5, .L3+4
 116 0064 2246     		mov	r2, r4
 117 0066 2021     		movs	r1, #32
 118 0068 2846     		mov	r0, r5
 119 006a FFF7FEFF 		bl	HAL_GPIO_WritePin
 120              	.LVL0:
 212:Src/main.c    **** 
 213:Src/main.c    ****   /*Configure GPIO pin : B1_Pin */
 214:Src/main.c    ****   GPIO_InitStruct.Pin = B1_Pin;
 121              		.loc 1 214 3 view .LVU28
 122              		.loc 1 214 23 is_stmt 0 view .LVU29
 123 006e 4FF40053 		mov	r3, #8192
 124 0072 0593     		str	r3, [sp, #20]
 215:Src/main.c    ****   GPIO_InitStruct.Mode = GPIO_MODE_IT_FALLING;
 125              		.loc 1 215 3 is_stmt 1 view .LVU30
 126              		.loc 1 215 24 is_stmt 0 view .LVU31
 127 0074 0B4B     		ldr	r3, .L3+8
 128 0076 0693     		str	r3, [sp, #24]
ARM GAS  C:\Users\ERICBU~1\AppData\Local\Temp\ccaaUo6x.s 			page 7


 216:Src/main.c    ****   GPIO_InitStruct.Pull = GPIO_NOPULL;
 129              		.loc 1 216 3 is_stmt 1 view .LVU32
 130              		.loc 1 216 24 is_stmt 0 view .LVU33
 131 0078 0794     		str	r4, [sp, #28]
 217:Src/main.c    ****   HAL_GPIO_Init(B1_GPIO_Port, &GPIO_InitStruct);
 132              		.loc 1 217 3 is_stmt 1 view .LVU34
 133 007a 05A9     		add	r1, sp, #20
 134 007c 0A48     		ldr	r0, .L3+12
 135 007e FFF7FEFF 		bl	HAL_GPIO_Init
 136              	.LVL1:
 218:Src/main.c    **** 
 219:Src/main.c    ****   /*Configure GPIO pin : LD2_Pin */
 220:Src/main.c    ****   GPIO_InitStruct.Pin = LD2_Pin;
 137              		.loc 1 220 3 view .LVU35
 138              		.loc 1 220 23 is_stmt 0 view .LVU36
 139 0082 2023     		movs	r3, #32
 140 0084 0593     		str	r3, [sp, #20]
 221:Src/main.c    ****   GPIO_InitStruct.Mode = GPIO_MODE_OUTPUT_PP;
 141              		.loc 1 221 3 is_stmt 1 view .LVU37
 142              		.loc 1 221 24 is_stmt 0 view .LVU38
 143 0086 0123     		movs	r3, #1
 144 0088 0693     		str	r3, [sp, #24]
 222:Src/main.c    ****   GPIO_InitStruct.Pull = GPIO_NOPULL;
 145              		.loc 1 222 3 is_stmt 1 view .LVU39
 146              		.loc 1 222 24 is_stmt 0 view .LVU40
 147 008a 0794     		str	r4, [sp, #28]
 223:Src/main.c    ****   GPIO_InitStruct.Speed = GPIO_SPEED_FREQ_LOW;
 148              		.loc 1 223 3 is_stmt 1 view .LVU41
 149              		.loc 1 223 25 is_stmt 0 view .LVU42
 150 008c 0894     		str	r4, [sp, #32]
 224:Src/main.c    ****   HAL_GPIO_Init(LD2_GPIO_Port, &GPIO_InitStruct);
 151              		.loc 1 224 3 is_stmt 1 view .LVU43
 152 008e 05A9     		add	r1, sp, #20
 153 0090 2846     		mov	r0, r5
 154 0092 FFF7FEFF 		bl	HAL_GPIO_Init
 155              	.LVL2:
 225:Src/main.c    **** }
 156              		.loc 1 225 1 is_stmt 0 view .LVU44
 157 0096 0BB0     		add	sp, sp, #44
 158              	.LCFI2:
 159              		.cfi_def_cfa_offset 12
 160              		@ sp needed
 161 0098 30BD     		pop	{r4, r5, pc}
 162              	.L4:
 163 009a 00BF     		.align	2
 164              	.L3:
 165 009c 00380240 		.word	1073887232
 166 00a0 00000240 		.word	1073872896
 167 00a4 00002110 		.word	270598144
 168 00a8 00080240 		.word	1073874944
 169              		.cfi_endproc
 170              	.LFE136:
 172              		.section	.text.Error_Handler,"ax",%progbits
 173              		.align	1
 174              		.global	Error_Handler
 175              		.syntax unified
 176              		.thumb
ARM GAS  C:\Users\ERICBU~1\AppData\Local\Temp\ccaaUo6x.s 			page 8


 177              		.thumb_func
 178              		.fpu fpv4-sp-d16
 180              	Error_Handler:
 181              	.LFB137:
 226:Src/main.c    **** 
 227:Src/main.c    **** /* USER CODE BEGIN 4 */
 228:Src/main.c    **** 
 229:Src/main.c    **** /* USER CODE END 4 */
 230:Src/main.c    **** 
 231:Src/main.c    **** /**
 232:Src/main.c    ****   * @brief  This function is executed in case of error occurrence.
 233:Src/main.c    ****   * @retval None
 234:Src/main.c    ****   */
 235:Src/main.c    **** void Error_Handler(void)
 236:Src/main.c    **** {
 182              		.loc 1 236 1 is_stmt 1 view -0
 183              		.cfi_startproc
 184              		@ Volatile: function does not return.
 185              		@ args = 0, pretend = 0, frame = 0
 186              		@ frame_needed = 0, uses_anonymous_args = 0
 187              		@ link register save eliminated.
 237:Src/main.c    ****   /* USER CODE BEGIN Error_Handler_Debug */
 238:Src/main.c    ****   /* User can add his own implementation to report the HAL error return state */
 239:Src/main.c    ****   __disable_irq();
 188              		.loc 1 239 3 view .LVU46
 189              	.LBB8:
 190              	.LBI8:
 191              		.file 2 "Drivers/CMSIS/Include/cmsis_gcc.h"
   1:Drivers/CMSIS/Include/cmsis_gcc.h **** /**************************************************************************//**
   2:Drivers/CMSIS/Include/cmsis_gcc.h ****  * @file     cmsis_gcc.h
   3:Drivers/CMSIS/Include/cmsis_gcc.h ****  * @brief    CMSIS compiler GCC header file
   4:Drivers/CMSIS/Include/cmsis_gcc.h ****  * @version  V5.0.4
   5:Drivers/CMSIS/Include/cmsis_gcc.h ****  * @date     09. April 2018
   6:Drivers/CMSIS/Include/cmsis_gcc.h ****  ******************************************************************************/
   7:Drivers/CMSIS/Include/cmsis_gcc.h **** /*
   8:Drivers/CMSIS/Include/cmsis_gcc.h ****  * Copyright (c) 2009-2018 Arm Limited. All rights reserved.
   9:Drivers/CMSIS/Include/cmsis_gcc.h ****  *
  10:Drivers/CMSIS/Include/cmsis_gcc.h ****  * SPDX-License-Identifier: Apache-2.0
  11:Drivers/CMSIS/Include/cmsis_gcc.h ****  *
  12:Drivers/CMSIS/Include/cmsis_gcc.h ****  * Licensed under the Apache License, Version 2.0 (the License); you may
  13:Drivers/CMSIS/Include/cmsis_gcc.h ****  * not use this file except in compliance with the License.
  14:Drivers/CMSIS/Include/cmsis_gcc.h ****  * You may obtain a copy of the License at
  15:Drivers/CMSIS/Include/cmsis_gcc.h ****  *
  16:Drivers/CMSIS/Include/cmsis_gcc.h ****  * www.apache.org/licenses/LICENSE-2.0
  17:Drivers/CMSIS/Include/cmsis_gcc.h ****  *
  18:Drivers/CMSIS/Include/cmsis_gcc.h ****  * Unless required by applicable law or agreed to in writing, software
  19:Drivers/CMSIS/Include/cmsis_gcc.h ****  * distributed under the License is distributed on an AS IS BASIS, WITHOUT
  20:Drivers/CMSIS/Include/cmsis_gcc.h ****  * WARRANTIES OR CONDITIONS OF ANY KIND, either express or implied.
  21:Drivers/CMSIS/Include/cmsis_gcc.h ****  * See the License for the specific language governing permissions and
  22:Drivers/CMSIS/Include/cmsis_gcc.h ****  * limitations under the License.
  23:Drivers/CMSIS/Include/cmsis_gcc.h ****  */
  24:Drivers/CMSIS/Include/cmsis_gcc.h **** 
  25:Drivers/CMSIS/Include/cmsis_gcc.h **** #ifndef __CMSIS_GCC_H
  26:Drivers/CMSIS/Include/cmsis_gcc.h **** #define __CMSIS_GCC_H
  27:Drivers/CMSIS/Include/cmsis_gcc.h **** 
  28:Drivers/CMSIS/Include/cmsis_gcc.h **** /* ignore some GCC warnings */
  29:Drivers/CMSIS/Include/cmsis_gcc.h **** #pragma GCC diagnostic push
ARM GAS  C:\Users\ERICBU~1\AppData\Local\Temp\ccaaUo6x.s 			page 9


  30:Drivers/CMSIS/Include/cmsis_gcc.h **** #pragma GCC diagnostic ignored "-Wsign-conversion"
  31:Drivers/CMSIS/Include/cmsis_gcc.h **** #pragma GCC diagnostic ignored "-Wconversion"
  32:Drivers/CMSIS/Include/cmsis_gcc.h **** #pragma GCC diagnostic ignored "-Wunused-parameter"
  33:Drivers/CMSIS/Include/cmsis_gcc.h **** 
  34:Drivers/CMSIS/Include/cmsis_gcc.h **** /* Fallback for __has_builtin */
  35:Drivers/CMSIS/Include/cmsis_gcc.h **** #ifndef __has_builtin
  36:Drivers/CMSIS/Include/cmsis_gcc.h ****   #define __has_builtin(x) (0)
  37:Drivers/CMSIS/Include/cmsis_gcc.h **** #endif
  38:Drivers/CMSIS/Include/cmsis_gcc.h **** 
  39:Drivers/CMSIS/Include/cmsis_gcc.h **** /* CMSIS compiler specific defines */
  40:Drivers/CMSIS/Include/cmsis_gcc.h **** #ifndef   __ASM
  41:Drivers/CMSIS/Include/cmsis_gcc.h ****   #define __ASM                                  __asm
  42:Drivers/CMSIS/Include/cmsis_gcc.h **** #endif
  43:Drivers/CMSIS/Include/cmsis_gcc.h **** #ifndef   __INLINE
  44:Drivers/CMSIS/Include/cmsis_gcc.h ****   #define __INLINE                               inline
  45:Drivers/CMSIS/Include/cmsis_gcc.h **** #endif
  46:Drivers/CMSIS/Include/cmsis_gcc.h **** #ifndef   __STATIC_INLINE
  47:Drivers/CMSIS/Include/cmsis_gcc.h ****   #define __STATIC_INLINE                        static inline
  48:Drivers/CMSIS/Include/cmsis_gcc.h **** #endif
  49:Drivers/CMSIS/Include/cmsis_gcc.h **** #ifndef   __STATIC_FORCEINLINE                 
  50:Drivers/CMSIS/Include/cmsis_gcc.h ****   #define __STATIC_FORCEINLINE                   __attribute__((always_inline)) static inline
  51:Drivers/CMSIS/Include/cmsis_gcc.h **** #endif                                           
  52:Drivers/CMSIS/Include/cmsis_gcc.h **** #ifndef   __NO_RETURN
  53:Drivers/CMSIS/Include/cmsis_gcc.h ****   #define __NO_RETURN                            __attribute__((__noreturn__))
  54:Drivers/CMSIS/Include/cmsis_gcc.h **** #endif
  55:Drivers/CMSIS/Include/cmsis_gcc.h **** #ifndef   __USED
  56:Drivers/CMSIS/Include/cmsis_gcc.h ****   #define __USED                                 __attribute__((used))
  57:Drivers/CMSIS/Include/cmsis_gcc.h **** #endif
  58:Drivers/CMSIS/Include/cmsis_gcc.h **** #ifndef   __WEAK
  59:Drivers/CMSIS/Include/cmsis_gcc.h ****   #define __WEAK                                 __attribute__((weak))
  60:Drivers/CMSIS/Include/cmsis_gcc.h **** #endif
  61:Drivers/CMSIS/Include/cmsis_gcc.h **** #ifndef   __PACKED
  62:Drivers/CMSIS/Include/cmsis_gcc.h ****   #define __PACKED                               __attribute__((packed, aligned(1)))
  63:Drivers/CMSIS/Include/cmsis_gcc.h **** #endif
  64:Drivers/CMSIS/Include/cmsis_gcc.h **** #ifndef   __PACKED_STRUCT
  65:Drivers/CMSIS/Include/cmsis_gcc.h ****   #define __PACKED_STRUCT                        struct __attribute__((packed, aligned(1)))
  66:Drivers/CMSIS/Include/cmsis_gcc.h **** #endif
  67:Drivers/CMSIS/Include/cmsis_gcc.h **** #ifndef   __PACKED_UNION
  68:Drivers/CMSIS/Include/cmsis_gcc.h ****   #define __PACKED_UNION                         union __attribute__((packed, aligned(1)))
  69:Drivers/CMSIS/Include/cmsis_gcc.h **** #endif
  70:Drivers/CMSIS/Include/cmsis_gcc.h **** #ifndef   __UNALIGNED_UINT32        /* deprecated */
  71:Drivers/CMSIS/Include/cmsis_gcc.h ****   #pragma GCC diagnostic push
  72:Drivers/CMSIS/Include/cmsis_gcc.h ****   #pragma GCC diagnostic ignored "-Wpacked"
  73:Drivers/CMSIS/Include/cmsis_gcc.h ****   #pragma GCC diagnostic ignored "-Wattributes"
  74:Drivers/CMSIS/Include/cmsis_gcc.h ****   struct __attribute__((packed)) T_UINT32 { uint32_t v; };
  75:Drivers/CMSIS/Include/cmsis_gcc.h ****   #pragma GCC diagnostic pop
  76:Drivers/CMSIS/Include/cmsis_gcc.h ****   #define __UNALIGNED_UINT32(x)                  (((struct T_UINT32 *)(x))->v)
  77:Drivers/CMSIS/Include/cmsis_gcc.h **** #endif
  78:Drivers/CMSIS/Include/cmsis_gcc.h **** #ifndef   __UNALIGNED_UINT16_WRITE
  79:Drivers/CMSIS/Include/cmsis_gcc.h ****   #pragma GCC diagnostic push
  80:Drivers/CMSIS/Include/cmsis_gcc.h ****   #pragma GCC diagnostic ignored "-Wpacked"
  81:Drivers/CMSIS/Include/cmsis_gcc.h ****   #pragma GCC diagnostic ignored "-Wattributes"
  82:Drivers/CMSIS/Include/cmsis_gcc.h ****   __PACKED_STRUCT T_UINT16_WRITE { uint16_t v; };
  83:Drivers/CMSIS/Include/cmsis_gcc.h ****   #pragma GCC diagnostic pop
  84:Drivers/CMSIS/Include/cmsis_gcc.h ****   #define __UNALIGNED_UINT16_WRITE(addr, val)    (void)((((struct T_UINT16_WRITE *)(void *)(addr))-
  85:Drivers/CMSIS/Include/cmsis_gcc.h **** #endif
  86:Drivers/CMSIS/Include/cmsis_gcc.h **** #ifndef   __UNALIGNED_UINT16_READ
ARM GAS  C:\Users\ERICBU~1\AppData\Local\Temp\ccaaUo6x.s 			page 10


  87:Drivers/CMSIS/Include/cmsis_gcc.h ****   #pragma GCC diagnostic push
  88:Drivers/CMSIS/Include/cmsis_gcc.h ****   #pragma GCC diagnostic ignored "-Wpacked"
  89:Drivers/CMSIS/Include/cmsis_gcc.h ****   #pragma GCC diagnostic ignored "-Wattributes"
  90:Drivers/CMSIS/Include/cmsis_gcc.h ****   __PACKED_STRUCT T_UINT16_READ { uint16_t v; };
  91:Drivers/CMSIS/Include/cmsis_gcc.h ****   #pragma GCC diagnostic pop
  92:Drivers/CMSIS/Include/cmsis_gcc.h ****   #define __UNALIGNED_UINT16_READ(addr)          (((const struct T_UINT16_READ *)(const void *)(add
  93:Drivers/CMSIS/Include/cmsis_gcc.h **** #endif
  94:Drivers/CMSIS/Include/cmsis_gcc.h **** #ifndef   __UNALIGNED_UINT32_WRITE
  95:Drivers/CMSIS/Include/cmsis_gcc.h ****   #pragma GCC diagnostic push
  96:Drivers/CMSIS/Include/cmsis_gcc.h ****   #pragma GCC diagnostic ignored "-Wpacked"
  97:Drivers/CMSIS/Include/cmsis_gcc.h ****   #pragma GCC diagnostic ignored "-Wattributes"
  98:Drivers/CMSIS/Include/cmsis_gcc.h ****   __PACKED_STRUCT T_UINT32_WRITE { uint32_t v; };
  99:Drivers/CMSIS/Include/cmsis_gcc.h ****   #pragma GCC diagnostic pop
 100:Drivers/CMSIS/Include/cmsis_gcc.h ****   #define __UNALIGNED_UINT32_WRITE(addr, val)    (void)((((struct T_UINT32_WRITE *)(void *)(addr))-
 101:Drivers/CMSIS/Include/cmsis_gcc.h **** #endif
 102:Drivers/CMSIS/Include/cmsis_gcc.h **** #ifndef   __UNALIGNED_UINT32_READ
 103:Drivers/CMSIS/Include/cmsis_gcc.h ****   #pragma GCC diagnostic push
 104:Drivers/CMSIS/Include/cmsis_gcc.h ****   #pragma GCC diagnostic ignored "-Wpacked"
 105:Drivers/CMSIS/Include/cmsis_gcc.h ****   #pragma GCC diagnostic ignored "-Wattributes"
 106:Drivers/CMSIS/Include/cmsis_gcc.h ****   __PACKED_STRUCT T_UINT32_READ { uint32_t v; };
 107:Drivers/CMSIS/Include/cmsis_gcc.h ****   #pragma GCC diagnostic pop
 108:Drivers/CMSIS/Include/cmsis_gcc.h ****   #define __UNALIGNED_UINT32_READ(addr)          (((const struct T_UINT32_READ *)(const void *)(add
 109:Drivers/CMSIS/Include/cmsis_gcc.h **** #endif
 110:Drivers/CMSIS/Include/cmsis_gcc.h **** #ifndef   __ALIGNED
 111:Drivers/CMSIS/Include/cmsis_gcc.h ****   #define __ALIGNED(x)                           __attribute__((aligned(x)))
 112:Drivers/CMSIS/Include/cmsis_gcc.h **** #endif
 113:Drivers/CMSIS/Include/cmsis_gcc.h **** #ifndef   __RESTRICT
 114:Drivers/CMSIS/Include/cmsis_gcc.h ****   #define __RESTRICT                             __restrict
 115:Drivers/CMSIS/Include/cmsis_gcc.h **** #endif
 116:Drivers/CMSIS/Include/cmsis_gcc.h **** 
 117:Drivers/CMSIS/Include/cmsis_gcc.h **** 
 118:Drivers/CMSIS/Include/cmsis_gcc.h **** /* ###########################  Core Function Access  ########################### */
 119:Drivers/CMSIS/Include/cmsis_gcc.h **** /** \ingroup  CMSIS_Core_FunctionInterface
 120:Drivers/CMSIS/Include/cmsis_gcc.h ****     \defgroup CMSIS_Core_RegAccFunctions CMSIS Core Register Access Functions
 121:Drivers/CMSIS/Include/cmsis_gcc.h ****   @{
 122:Drivers/CMSIS/Include/cmsis_gcc.h ****  */
 123:Drivers/CMSIS/Include/cmsis_gcc.h **** 
 124:Drivers/CMSIS/Include/cmsis_gcc.h **** /**
 125:Drivers/CMSIS/Include/cmsis_gcc.h ****   \brief   Enable IRQ Interrupts
 126:Drivers/CMSIS/Include/cmsis_gcc.h ****   \details Enables IRQ interrupts by clearing the I-bit in the CPSR.
 127:Drivers/CMSIS/Include/cmsis_gcc.h ****            Can only be executed in Privileged modes.
 128:Drivers/CMSIS/Include/cmsis_gcc.h ****  */
 129:Drivers/CMSIS/Include/cmsis_gcc.h **** __STATIC_FORCEINLINE void __enable_irq(void)
 130:Drivers/CMSIS/Include/cmsis_gcc.h **** {
 131:Drivers/CMSIS/Include/cmsis_gcc.h ****   __ASM volatile ("cpsie i" : : : "memory");
 132:Drivers/CMSIS/Include/cmsis_gcc.h **** }
 133:Drivers/CMSIS/Include/cmsis_gcc.h **** 
 134:Drivers/CMSIS/Include/cmsis_gcc.h **** 
 135:Drivers/CMSIS/Include/cmsis_gcc.h **** /**
 136:Drivers/CMSIS/Include/cmsis_gcc.h ****   \brief   Disable IRQ Interrupts
 137:Drivers/CMSIS/Include/cmsis_gcc.h ****   \details Disables IRQ interrupts by setting the I-bit in the CPSR.
 138:Drivers/CMSIS/Include/cmsis_gcc.h ****            Can only be executed in Privileged modes.
 139:Drivers/CMSIS/Include/cmsis_gcc.h ****  */
 140:Drivers/CMSIS/Include/cmsis_gcc.h **** __STATIC_FORCEINLINE void __disable_irq(void)
 192              		.loc 2 140 27 view .LVU47
 193              	.LBB9:
 141:Drivers/CMSIS/Include/cmsis_gcc.h **** {
ARM GAS  C:\Users\ERICBU~1\AppData\Local\Temp\ccaaUo6x.s 			page 11


 142:Drivers/CMSIS/Include/cmsis_gcc.h ****   __ASM volatile ("cpsid i" : : : "memory");
 194              		.loc 2 142 3 view .LVU48
 195              		.syntax unified
 196              	@ 142 "Drivers/CMSIS/Include/cmsis_gcc.h" 1
 197 0000 72B6     		cpsid i
 198              	@ 0 "" 2
 199              		.thumb
 200              		.syntax unified
 201              	.L6:
 202              	.LBE9:
 203              	.LBE8:
 240:Src/main.c    ****   while (1)
 204              		.loc 1 240 3 discriminator 1 view .LVU49
 241:Src/main.c    ****   {
 242:Src/main.c    ****   }
 205              		.loc 1 242 3 discriminator 1 view .LVU50
 240:Src/main.c    ****   while (1)
 206              		.loc 1 240 9 discriminator 1 view .LVU51
 207 0002 FEE7     		b	.L6
 208              		.cfi_endproc
 209              	.LFE137:
 211              		.section	.text.MX_USART2_UART_Init,"ax",%progbits
 212              		.align	1
 213              		.syntax unified
 214              		.thumb
 215              		.thumb_func
 216              		.fpu fpv4-sp-d16
 218              	MX_USART2_UART_Init:
 219              	.LFB135:
 169:Src/main.c    **** 
 220              		.loc 1 169 1 view -0
 221              		.cfi_startproc
 222              		@ args = 0, pretend = 0, frame = 0
 223              		@ frame_needed = 0, uses_anonymous_args = 0
 224 0000 08B5     		push	{r3, lr}
 225              	.LCFI3:
 226              		.cfi_def_cfa_offset 8
 227              		.cfi_offset 3, -8
 228              		.cfi_offset 14, -4
 178:Src/main.c    ****   huart2.Init.BaudRate = 115200;
 229              		.loc 1 178 3 view .LVU53
 178:Src/main.c    ****   huart2.Init.BaudRate = 115200;
 230              		.loc 1 178 19 is_stmt 0 view .LVU54
 231 0002 0A48     		ldr	r0, .L11
 232 0004 0A4B     		ldr	r3, .L11+4
 233 0006 0360     		str	r3, [r0]
 179:Src/main.c    ****   huart2.Init.WordLength = UART_WORDLENGTH_8B;
 234              		.loc 1 179 3 is_stmt 1 view .LVU55
 179:Src/main.c    ****   huart2.Init.WordLength = UART_WORDLENGTH_8B;
 235              		.loc 1 179 24 is_stmt 0 view .LVU56
 236 0008 4FF4E133 		mov	r3, #115200
 237 000c 4360     		str	r3, [r0, #4]
 180:Src/main.c    ****   huart2.Init.StopBits = UART_STOPBITS_1;
 238              		.loc 1 180 3 is_stmt 1 view .LVU57
 180:Src/main.c    ****   huart2.Init.StopBits = UART_STOPBITS_1;
 239              		.loc 1 180 26 is_stmt 0 view .LVU58
 240 000e 0023     		movs	r3, #0
ARM GAS  C:\Users\ERICBU~1\AppData\Local\Temp\ccaaUo6x.s 			page 12


 241 0010 8360     		str	r3, [r0, #8]
 181:Src/main.c    ****   huart2.Init.Parity = UART_PARITY_NONE;
 242              		.loc 1 181 3 is_stmt 1 view .LVU59
 181:Src/main.c    ****   huart2.Init.Parity = UART_PARITY_NONE;
 243              		.loc 1 181 24 is_stmt 0 view .LVU60
 244 0012 C360     		str	r3, [r0, #12]
 182:Src/main.c    ****   huart2.Init.Mode = UART_MODE_TX_RX;
 245              		.loc 1 182 3 is_stmt 1 view .LVU61
 182:Src/main.c    ****   huart2.Init.Mode = UART_MODE_TX_RX;
 246              		.loc 1 182 22 is_stmt 0 view .LVU62
 247 0014 0361     		str	r3, [r0, #16]
 183:Src/main.c    ****   huart2.Init.HwFlowCtl = UART_HWCONTROL_NONE;
 248              		.loc 1 183 3 is_stmt 1 view .LVU63
 183:Src/main.c    ****   huart2.Init.HwFlowCtl = UART_HWCONTROL_NONE;
 249              		.loc 1 183 20 is_stmt 0 view .LVU64
 250 0016 0C22     		movs	r2, #12
 251 0018 4261     		str	r2, [r0, #20]
 184:Src/main.c    ****   huart2.Init.OverSampling = UART_OVERSAMPLING_16;
 252              		.loc 1 184 3 is_stmt 1 view .LVU65
 184:Src/main.c    ****   huart2.Init.OverSampling = UART_OVERSAMPLING_16;
 253              		.loc 1 184 25 is_stmt 0 view .LVU66
 254 001a 8361     		str	r3, [r0, #24]
 185:Src/main.c    ****   if (HAL_UART_Init(&huart2) != HAL_OK)
 255              		.loc 1 185 3 is_stmt 1 view .LVU67
 185:Src/main.c    ****   if (HAL_UART_Init(&huart2) != HAL_OK)
 256              		.loc 1 185 28 is_stmt 0 view .LVU68
 257 001c C361     		str	r3, [r0, #28]
 186:Src/main.c    ****   {
 258              		.loc 1 186 3 is_stmt 1 view .LVU69
 186:Src/main.c    ****   {
 259              		.loc 1 186 7 is_stmt 0 view .LVU70
 260 001e FFF7FEFF 		bl	HAL_UART_Init
 261              	.LVL3:
 186:Src/main.c    ****   {
 262              		.loc 1 186 6 view .LVU71
 263 0022 00B9     		cbnz	r0, .L10
 193:Src/main.c    **** 
 264              		.loc 1 193 1 view .LVU72
 265 0024 08BD     		pop	{r3, pc}
 266              	.L10:
 188:Src/main.c    ****   }
 267              		.loc 1 188 5 is_stmt 1 view .LVU73
 268 0026 FFF7FEFF 		bl	Error_Handler
 269              	.LVL4:
 270              	.L12:
 271 002a 00BF     		.align	2
 272              	.L11:
 273 002c 00000000 		.word	.LANCHOR0
 274 0030 00440040 		.word	1073759232
 275              		.cfi_endproc
 276              	.LFE135:
 278              		.section	.text.SystemClock_Config,"ax",%progbits
 279              		.align	1
 280              		.global	SystemClock_Config
 281              		.syntax unified
 282              		.thumb
 283              		.thumb_func
ARM GAS  C:\Users\ERICBU~1\AppData\Local\Temp\ccaaUo6x.s 			page 13


 284              		.fpu fpv4-sp-d16
 286              	SystemClock_Config:
 287              	.LFB134:
 125:Src/main.c    ****   RCC_OscInitTypeDef RCC_OscInitStruct = {0};
 288              		.loc 1 125 1 view -0
 289              		.cfi_startproc
 290              		@ args = 0, pretend = 0, frame = 80
 291              		@ frame_needed = 0, uses_anonymous_args = 0
 292 0000 00B5     		push	{lr}
 293              	.LCFI4:
 294              		.cfi_def_cfa_offset 4
 295              		.cfi_offset 14, -4
 296 0002 95B0     		sub	sp, sp, #84
 297              	.LCFI5:
 298              		.cfi_def_cfa_offset 88
 126:Src/main.c    ****   RCC_ClkInitTypeDef RCC_ClkInitStruct = {0};
 299              		.loc 1 126 3 view .LVU75
 126:Src/main.c    ****   RCC_ClkInitTypeDef RCC_ClkInitStruct = {0};
 300              		.loc 1 126 22 is_stmt 0 view .LVU76
 301 0004 3022     		movs	r2, #48
 302 0006 0021     		movs	r1, #0
 303 0008 08A8     		add	r0, sp, #32
 304 000a FFF7FEFF 		bl	memset
 305              	.LVL5:
 127:Src/main.c    **** 
 306              		.loc 1 127 3 is_stmt 1 view .LVU77
 127:Src/main.c    **** 
 307              		.loc 1 127 22 is_stmt 0 view .LVU78
 308 000e 0023     		movs	r3, #0
 309 0010 0393     		str	r3, [sp, #12]
 310 0012 0493     		str	r3, [sp, #16]
 311 0014 0593     		str	r3, [sp, #20]
 312 0016 0693     		str	r3, [sp, #24]
 313 0018 0793     		str	r3, [sp, #28]
 131:Src/main.c    ****   __HAL_PWR_VOLTAGESCALING_CONFIG(PWR_REGULATOR_VOLTAGE_SCALE1);
 314              		.loc 1 131 3 is_stmt 1 view .LVU79
 315              	.LBB10:
 131:Src/main.c    ****   __HAL_PWR_VOLTAGESCALING_CONFIG(PWR_REGULATOR_VOLTAGE_SCALE1);
 316              		.loc 1 131 3 view .LVU80
 317 001a 0193     		str	r3, [sp, #4]
 131:Src/main.c    ****   __HAL_PWR_VOLTAGESCALING_CONFIG(PWR_REGULATOR_VOLTAGE_SCALE1);
 318              		.loc 1 131 3 view .LVU81
 319 001c 1E4A     		ldr	r2, .L19
 320 001e 116C     		ldr	r1, [r2, #64]
 321 0020 41F08051 		orr	r1, r1, #268435456
 322 0024 1164     		str	r1, [r2, #64]
 131:Src/main.c    ****   __HAL_PWR_VOLTAGESCALING_CONFIG(PWR_REGULATOR_VOLTAGE_SCALE1);
 323              		.loc 1 131 3 view .LVU82
 324 0026 126C     		ldr	r2, [r2, #64]
 325 0028 02F08052 		and	r2, r2, #268435456
 326 002c 0192     		str	r2, [sp, #4]
 131:Src/main.c    ****   __HAL_PWR_VOLTAGESCALING_CONFIG(PWR_REGULATOR_VOLTAGE_SCALE1);
 327              		.loc 1 131 3 view .LVU83
 328 002e 019A     		ldr	r2, [sp, #4]
 329              	.LBE10:
 131:Src/main.c    ****   __HAL_PWR_VOLTAGESCALING_CONFIG(PWR_REGULATOR_VOLTAGE_SCALE1);
 330              		.loc 1 131 3 view .LVU84
ARM GAS  C:\Users\ERICBU~1\AppData\Local\Temp\ccaaUo6x.s 			page 14


 132:Src/main.c    ****   /** Initializes the RCC Oscillators according to the specified parameters
 331              		.loc 1 132 3 view .LVU85
 332              	.LBB11:
 132:Src/main.c    ****   /** Initializes the RCC Oscillators according to the specified parameters
 333              		.loc 1 132 3 view .LVU86
 334 0030 0293     		str	r3, [sp, #8]
 132:Src/main.c    ****   /** Initializes the RCC Oscillators according to the specified parameters
 335              		.loc 1 132 3 view .LVU87
 336 0032 1A4A     		ldr	r2, .L19+4
 337 0034 1168     		ldr	r1, [r2]
 338 0036 41F44041 		orr	r1, r1, #49152
 339 003a 1160     		str	r1, [r2]
 132:Src/main.c    ****   /** Initializes the RCC Oscillators according to the specified parameters
 340              		.loc 1 132 3 view .LVU88
 341 003c 1268     		ldr	r2, [r2]
 342 003e 02F44042 		and	r2, r2, #49152
 343 0042 0292     		str	r2, [sp, #8]
 132:Src/main.c    ****   /** Initializes the RCC Oscillators according to the specified parameters
 344              		.loc 1 132 3 view .LVU89
 345 0044 029A     		ldr	r2, [sp, #8]
 346              	.LBE11:
 132:Src/main.c    ****   /** Initializes the RCC Oscillators according to the specified parameters
 347              		.loc 1 132 3 view .LVU90
 136:Src/main.c    ****   RCC_OscInitStruct.HSIState = RCC_HSI_ON;
 348              		.loc 1 136 3 view .LVU91
 136:Src/main.c    ****   RCC_OscInitStruct.HSIState = RCC_HSI_ON;
 349              		.loc 1 136 36 is_stmt 0 view .LVU92
 350 0046 0221     		movs	r1, #2
 351 0048 0891     		str	r1, [sp, #32]
 137:Src/main.c    ****   RCC_OscInitStruct.HSICalibrationValue = RCC_HSICALIBRATION_DEFAULT;
 352              		.loc 1 137 3 is_stmt 1 view .LVU93
 137:Src/main.c    ****   RCC_OscInitStruct.HSICalibrationValue = RCC_HSICALIBRATION_DEFAULT;
 353              		.loc 1 137 30 is_stmt 0 view .LVU94
 354 004a 0122     		movs	r2, #1
 355 004c 0B92     		str	r2, [sp, #44]
 138:Src/main.c    ****   RCC_OscInitStruct.PLL.PLLState = RCC_PLL_ON;
 356              		.loc 1 138 3 is_stmt 1 view .LVU95
 138:Src/main.c    ****   RCC_OscInitStruct.PLL.PLLState = RCC_PLL_ON;
 357              		.loc 1 138 41 is_stmt 0 view .LVU96
 358 004e 1022     		movs	r2, #16
 359 0050 0C92     		str	r2, [sp, #48]
 139:Src/main.c    ****   RCC_OscInitStruct.PLL.PLLSource = RCC_PLLSOURCE_HSI;
 360              		.loc 1 139 3 is_stmt 1 view .LVU97
 139:Src/main.c    ****   RCC_OscInitStruct.PLL.PLLSource = RCC_PLLSOURCE_HSI;
 361              		.loc 1 139 34 is_stmt 0 view .LVU98
 362 0052 0E91     		str	r1, [sp, #56]
 140:Src/main.c    ****   RCC_OscInitStruct.PLL.PLLM = 16;
 363              		.loc 1 140 3 is_stmt 1 view .LVU99
 140:Src/main.c    ****   RCC_OscInitStruct.PLL.PLLM = 16;
 364              		.loc 1 140 35 is_stmt 0 view .LVU100
 365 0054 0F93     		str	r3, [sp, #60]
 141:Src/main.c    ****   RCC_OscInitStruct.PLL.PLLN = 336;
 366              		.loc 1 141 3 is_stmt 1 view .LVU101
 141:Src/main.c    ****   RCC_OscInitStruct.PLL.PLLN = 336;
 367              		.loc 1 141 30 is_stmt 0 view .LVU102
 368 0056 1092     		str	r2, [sp, #64]
 142:Src/main.c    ****   RCC_OscInitStruct.PLL.PLLP = RCC_PLLP_DIV4;
ARM GAS  C:\Users\ERICBU~1\AppData\Local\Temp\ccaaUo6x.s 			page 15


 369              		.loc 1 142 3 is_stmt 1 view .LVU103
 142:Src/main.c    ****   RCC_OscInitStruct.PLL.PLLP = RCC_PLLP_DIV4;
 370              		.loc 1 142 30 is_stmt 0 view .LVU104
 371 0058 4FF4A873 		mov	r3, #336
 372 005c 1193     		str	r3, [sp, #68]
 143:Src/main.c    ****   RCC_OscInitStruct.PLL.PLLQ = 4;
 373              		.loc 1 143 3 is_stmt 1 view .LVU105
 143:Src/main.c    ****   RCC_OscInitStruct.PLL.PLLQ = 4;
 374              		.loc 1 143 30 is_stmt 0 view .LVU106
 375 005e 0423     		movs	r3, #4
 376 0060 1293     		str	r3, [sp, #72]
 144:Src/main.c    ****   if (HAL_RCC_OscConfig(&RCC_OscInitStruct) != HAL_OK)
 377              		.loc 1 144 3 is_stmt 1 view .LVU107
 144:Src/main.c    ****   if (HAL_RCC_OscConfig(&RCC_OscInitStruct) != HAL_OK)
 378              		.loc 1 144 30 is_stmt 0 view .LVU108
 379 0062 1393     		str	r3, [sp, #76]
 145:Src/main.c    ****   {
 380              		.loc 1 145 3 is_stmt 1 view .LVU109
 145:Src/main.c    ****   {
 381              		.loc 1 145 7 is_stmt 0 view .LVU110
 382 0064 08A8     		add	r0, sp, #32
 383 0066 FFF7FEFF 		bl	HAL_RCC_OscConfig
 384              	.LVL6:
 145:Src/main.c    ****   {
 385              		.loc 1 145 6 view .LVU111
 386 006a 80B9     		cbnz	r0, .L17
 151:Src/main.c    ****   RCC_ClkInitStruct.SYSCLKSource = RCC_SYSCLKSOURCE_PLLCLK;
 387              		.loc 1 151 3 is_stmt 1 view .LVU112
 151:Src/main.c    ****   RCC_ClkInitStruct.SYSCLKSource = RCC_SYSCLKSOURCE_PLLCLK;
 388              		.loc 1 151 31 is_stmt 0 view .LVU113
 389 006c 0F23     		movs	r3, #15
 390 006e 0393     		str	r3, [sp, #12]
 152:Src/main.c    ****   RCC_ClkInitStruct.AHBCLKDivider = RCC_SYSCLK_DIV1;
 391              		.loc 1 152 3 is_stmt 1 view .LVU114
 152:Src/main.c    ****   RCC_ClkInitStruct.AHBCLKDivider = RCC_SYSCLK_DIV1;
 392              		.loc 1 152 34 is_stmt 0 view .LVU115
 393 0070 0221     		movs	r1, #2
 394 0072 0491     		str	r1, [sp, #16]
 153:Src/main.c    ****   RCC_ClkInitStruct.APB1CLKDivider = RCC_HCLK_DIV2;
 395              		.loc 1 153 3 is_stmt 1 view .LVU116
 153:Src/main.c    ****   RCC_ClkInitStruct.APB1CLKDivider = RCC_HCLK_DIV2;
 396              		.loc 1 153 35 is_stmt 0 view .LVU117
 397 0074 0023     		movs	r3, #0
 398 0076 0593     		str	r3, [sp, #20]
 154:Src/main.c    ****   RCC_ClkInitStruct.APB2CLKDivider = RCC_HCLK_DIV1;
 399              		.loc 1 154 3 is_stmt 1 view .LVU118
 154:Src/main.c    ****   RCC_ClkInitStruct.APB2CLKDivider = RCC_HCLK_DIV1;
 400              		.loc 1 154 36 is_stmt 0 view .LVU119
 401 0078 4FF48052 		mov	r2, #4096
 402 007c 0692     		str	r2, [sp, #24]
 155:Src/main.c    **** 
 403              		.loc 1 155 3 is_stmt 1 view .LVU120
 155:Src/main.c    **** 
 404              		.loc 1 155 36 is_stmt 0 view .LVU121
 405 007e 0793     		str	r3, [sp, #28]
 157:Src/main.c    ****   {
 406              		.loc 1 157 3 is_stmt 1 view .LVU122
ARM GAS  C:\Users\ERICBU~1\AppData\Local\Temp\ccaaUo6x.s 			page 16


 157:Src/main.c    ****   {
 407              		.loc 1 157 7 is_stmt 0 view .LVU123
 408 0080 03A8     		add	r0, sp, #12
 409 0082 FFF7FEFF 		bl	HAL_RCC_ClockConfig
 410              	.LVL7:
 157:Src/main.c    ****   {
 411              		.loc 1 157 6 view .LVU124
 412 0086 20B9     		cbnz	r0, .L18
 161:Src/main.c    **** 
 413              		.loc 1 161 1 view .LVU125
 414 0088 15B0     		add	sp, sp, #84
 415              	.LCFI6:
 416              		.cfi_remember_state
 417              		.cfi_def_cfa_offset 4
 418              		@ sp needed
 419 008a 5DF804FB 		ldr	pc, [sp], #4
 420              	.L17:
 421              	.LCFI7:
 422              		.cfi_restore_state
 147:Src/main.c    ****   }
 423              		.loc 1 147 5 is_stmt 1 view .LVU126
 424 008e FFF7FEFF 		bl	Error_Handler
 425              	.LVL8:
 426              	.L18:
 159:Src/main.c    ****   }
 427              		.loc 1 159 5 view .LVU127
 428 0092 FFF7FEFF 		bl	Error_Handler
 429              	.LVL9:
 430              	.L20:
 431 0096 00BF     		.align	2
 432              	.L19:
 433 0098 00380240 		.word	1073887232
 434 009c 00700040 		.word	1073770496
 435              		.cfi_endproc
 436              	.LFE134:
 438              		.section	.rodata.main.str1.4,"aMS",%progbits,1
 439              		.align	2
 440              	.LC0:
 441 0000 25750D0A 		.ascii	"%u\015\012\000"
 441      00
 442              		.section	.text.main,"ax",%progbits
 443              		.align	1
 444              		.global	main
 445              		.syntax unified
 446              		.thumb
 447              		.thumb_func
 448              		.fpu fpv4-sp-d16
 450              	main:
 451              	.LFB133:
  72:Src/main.c    **** 
 452              		.loc 1 72 1 view -0
 453              		.cfi_startproc
 454              		@ args = 0, pretend = 0, frame = 16
 455              		@ frame_needed = 0, uses_anonymous_args = 0
 456 0000 00B5     		push	{lr}
 457              	.LCFI8:
 458              		.cfi_def_cfa_offset 4
ARM GAS  C:\Users\ERICBU~1\AppData\Local\Temp\ccaaUo6x.s 			page 17


 459              		.cfi_offset 14, -4
 460 0002 85B0     		sub	sp, sp, #20
 461              	.LCFI9:
 462              		.cfi_def_cfa_offset 24
  75:Src/main.c    ****   char buf[buf_size];
 463              		.loc 1 75 3 view .LVU129
 464              	.LVL10:
  76:Src/main.c    ****   nullStr(buf, buf_size);
 465              		.loc 1 76 3 view .LVU130
  77:Src/main.c    **** 
 466              		.loc 1 77 3 view .LVU131
 467 0004 0023     		movs	r3, #0
 468 0006 0193     		str	r3, [sp, #4]
 469 0008 0293     		str	r3, [sp, #8]
 470 000a ADF80C30 		strh	r3, [sp, #12]	@ movhi
  84:Src/main.c    **** 
 471              		.loc 1 84 3 view .LVU132
 472 000e FFF7FEFF 		bl	HAL_Init
 473              	.LVL11:
  91:Src/main.c    **** 
 474              		.loc 1 91 3 view .LVU133
 475 0012 FFF7FEFF 		bl	SystemClock_Config
 476              	.LVL12:
  98:Src/main.c    ****   MX_USART2_UART_Init();
 477              		.loc 1 98 3 view .LVU134
 478 0016 FFF7FEFF 		bl	MX_GPIO_Init
 479              	.LVL13:
  99:Src/main.c    ****   /* USER CODE BEGIN 2 */
 480              		.loc 1 99 3 view .LVU135
 481 001a FFF7FEFF 		bl	MX_USART2_UART_Init
 482              	.LVL14:
 483              	.L22:
 106:Src/main.c    ****   {
 484              		.loc 1 106 3 discriminator 1 view .LVU136
 485              	.LBB12:
 108:Src/main.c    ****     uint8_t read = HAL_GPIO_ReadPin(B1_GPIO_Port, B1_Pin);
 486              		.loc 1 108 5 discriminator 1 view .LVU137
 487 001e 2021     		movs	r1, #32
 488 0020 0C48     		ldr	r0, .L24
 489 0022 FFF7FEFF 		bl	HAL_GPIO_TogglePin
 490              	.LVL15:
 109:Src/main.c    ****     snprintf(buf, buf_size, "%u\r\n", read);
 491              		.loc 1 109 5 discriminator 1 view .LVU138
 109:Src/main.c    ****     snprintf(buf, buf_size, "%u\r\n", read);
 492              		.loc 1 109 20 is_stmt 0 discriminator 1 view .LVU139
 493 0026 4FF40051 		mov	r1, #8192
 494 002a 0B48     		ldr	r0, .L24+4
 495 002c FFF7FEFF 		bl	HAL_GPIO_ReadPin
 496              	.LVL16:
 497 0030 0346     		mov	r3, r0
 498              	.LVL17:
 110:Src/main.c    ****     HAL_UART_Transmit(&huart2, (uint8_t*)buf, buf_size, 100);
 499              		.loc 1 110 5 is_stmt 1 discriminator 1 view .LVU140
 500 0032 0A4A     		ldr	r2, .L24+8
 501 0034 0A21     		movs	r1, #10
 502 0036 01A8     		add	r0, sp, #4
 503              	.LVL18:
ARM GAS  C:\Users\ERICBU~1\AppData\Local\Temp\ccaaUo6x.s 			page 18


 110:Src/main.c    ****     HAL_UART_Transmit(&huart2, (uint8_t*)buf, buf_size, 100);
 504              		.loc 1 110 5 is_stmt 0 discriminator 1 view .LVU141
 505 0038 FFF7FEFF 		bl	snprintf
 506              	.LVL19:
 111:Src/main.c    ****     HAL_Delay(500);
 507              		.loc 1 111 5 is_stmt 1 discriminator 1 view .LVU142
 508 003c 6423     		movs	r3, #100
 509 003e 0A22     		movs	r2, #10
 510 0040 01A9     		add	r1, sp, #4
 511              	.LVL20:
 111:Src/main.c    ****     HAL_Delay(500);
 512              		.loc 1 111 5 is_stmt 0 discriminator 1 view .LVU143
 513 0042 0748     		ldr	r0, .L24+12
 514 0044 FFF7FEFF 		bl	HAL_UART_Transmit
 515              	.LVL21:
 112:Src/main.c    ****     /* USER CODE END WHILE */
 516              		.loc 1 112 5 is_stmt 1 discriminator 1 view .LVU144
 517 0048 4FF4FA70 		mov	r0, #500
 518 004c FFF7FEFF 		bl	HAL_Delay
 519              	.LVL22:
 520              	.LBE12:
 106:Src/main.c    ****   {
 521              		.loc 1 106 9 discriminator 1 view .LVU145
 522 0050 E5E7     		b	.L22
 523              	.L25:
 524 0052 00BF     		.align	2
 525              	.L24:
 526 0054 00000240 		.word	1073872896
 527 0058 00080240 		.word	1073874944
 528 005c 00000000 		.word	.LC0
 529 0060 00000000 		.word	.LANCHOR0
 530              		.cfi_endproc
 531              	.LFE133:
 533              		.global	huart2
 534              		.section	.bss.huart2,"aw",%nobits
 535              		.align	2
 536              		.set	.LANCHOR0,. + 0
 539              	huart2:
 540 0000 00000000 		.space	64
 540      00000000 
 540      00000000 
 540      00000000 
 540      00000000 
 541              		.text
 542              	.Letext0:
 543              		.file 3 "c:\\program files (x86)\\gnu arm embedded toolchain\\10 2020-q4-major\\arm-none-eabi\\inc
 544              		.file 4 "c:\\program files (x86)\\gnu arm embedded toolchain\\10 2020-q4-major\\arm-none-eabi\\inc
 545              		.file 5 "Drivers/CMSIS/Device/ST/STM32F4xx/Include/stm32f411xe.h"
 546              		.file 6 "Drivers/STM32F4xx_HAL_Driver/Inc/stm32f4xx_hal_def.h"
 547              		.file 7 "Drivers/STM32F4xx_HAL_Driver/Inc/stm32f4xx_hal_rcc_ex.h"
 548              		.file 8 "Drivers/STM32F4xx_HAL_Driver/Inc/stm32f4xx_hal_rcc.h"
 549              		.file 9 "Drivers/STM32F4xx_HAL_Driver/Inc/stm32f4xx_hal_gpio.h"
 550              		.file 10 "Drivers/STM32F4xx_HAL_Driver/Inc/stm32f4xx_hal_dma.h"
 551              		.file 11 "Drivers/STM32F4xx_HAL_Driver/Inc/stm32f4xx_hal_uart.h"
 552              		.file 12 "c:\\program files (x86)\\gnu arm embedded toolchain\\10 2020-q4-major\\arm-none-eabi\\in
 553              		.file 13 "Drivers/STM32F4xx_HAL_Driver/Inc/stm32f4xx_hal.h"
 554              		.file 14 "<built-in>"
ARM GAS  C:\Users\ERICBU~1\AppData\Local\Temp\ccaaUo6x.s 			page 19


ARM GAS  C:\Users\ERICBU~1\AppData\Local\Temp\ccaaUo6x.s 			page 20


DEFINED SYMBOLS
                            *ABS*:00000000 main.c
C:\Users\ERICBU~1\AppData\Local\Temp\ccaaUo6x.s:18     .text.MX_GPIO_Init:00000000 $t
C:\Users\ERICBU~1\AppData\Local\Temp\ccaaUo6x.s:25     .text.MX_GPIO_Init:00000000 MX_GPIO_Init
C:\Users\ERICBU~1\AppData\Local\Temp\ccaaUo6x.s:165    .text.MX_GPIO_Init:0000009c $d
C:\Users\ERICBU~1\AppData\Local\Temp\ccaaUo6x.s:173    .text.Error_Handler:00000000 $t
C:\Users\ERICBU~1\AppData\Local\Temp\ccaaUo6x.s:180    .text.Error_Handler:00000000 Error_Handler
C:\Users\ERICBU~1\AppData\Local\Temp\ccaaUo6x.s:212    .text.MX_USART2_UART_Init:00000000 $t
C:\Users\ERICBU~1\AppData\Local\Temp\ccaaUo6x.s:218    .text.MX_USART2_UART_Init:00000000 MX_USART2_UART_Init
C:\Users\ERICBU~1\AppData\Local\Temp\ccaaUo6x.s:273    .text.MX_USART2_UART_Init:0000002c $d
C:\Users\ERICBU~1\AppData\Local\Temp\ccaaUo6x.s:279    .text.SystemClock_Config:00000000 $t
C:\Users\ERICBU~1\AppData\Local\Temp\ccaaUo6x.s:286    .text.SystemClock_Config:00000000 SystemClock_Config
C:\Users\ERICBU~1\AppData\Local\Temp\ccaaUo6x.s:433    .text.SystemClock_Config:00000098 $d
C:\Users\ERICBU~1\AppData\Local\Temp\ccaaUo6x.s:439    .rodata.main.str1.4:00000000 $d
C:\Users\ERICBU~1\AppData\Local\Temp\ccaaUo6x.s:443    .text.main:00000000 $t
C:\Users\ERICBU~1\AppData\Local\Temp\ccaaUo6x.s:450    .text.main:00000000 main
C:\Users\ERICBU~1\AppData\Local\Temp\ccaaUo6x.s:526    .text.main:00000054 $d
C:\Users\ERICBU~1\AppData\Local\Temp\ccaaUo6x.s:539    .bss.huart2:00000000 huart2
C:\Users\ERICBU~1\AppData\Local\Temp\ccaaUo6x.s:535    .bss.huart2:00000000 $d

UNDEFINED SYMBOLS
HAL_GPIO_WritePin
HAL_GPIO_Init
HAL_UART_Init
memset
HAL_RCC_OscConfig
HAL_RCC_ClockConfig
HAL_Init
HAL_GPIO_TogglePin
HAL_GPIO_ReadPin
snprintf
HAL_UART_Transmit
HAL_Delay
